The system is: Windows - 10.0.19041 - AMD64
Compiling the C compiler identification source file "CMakeCCompilerId.c" succeeded.
Compiler:  
Build flags: 
Id flags:  

The output was:
0
Microsoft (R)-Build-Engine, Version 16.8.2+25e4d540b für .NET Framework
Copyright (C) Microsoft Corporation. Alle Rechte vorbehalten.

Der Buildvorgang wurde am 20.01.2021 17:16:57 gestartet.
Projekt "C:\Users\Standart\Documents\Studium\Informatikprojekt\Arduino\Software\FreediverAppArduino\DiveComputer\build\CMakeFiles\3.18.20081302-MSVC_2\CompilerIdC\CompilerIdC.vcxproj" auf Knoten "1" (Standardziele).
PrepareForBuild:
  Das Verzeichnis "Debug\" wird erstellt.
  Das Verzeichnis "Debug\CompilerIdC.tlog\" wird erstellt.
InitializeBuildStatus:
  "Debug\CompilerIdC.tlog\unsuccessfulbuild" wird erstellt, da "AlwaysCreate" angegeben wurde.
VcpkgTripletSelection:
  Using triplet "x64-windows" from "C:\Users\Standart\Desktop\programming\C++\vcpkg-master\scripts\buildsystems\msbuild\..\..\..\installed\x64-windows\"
ClCompile:
  C:\Program Files (x86)\Microsoft Visual Studio\2019\Community\VC\Tools\MSVC\14.28.29333\bin\HostX64\x64\CL.exe /c /I"C:\Users\Standart\Desktop\programming\C++\vcpkg-master\scripts\buildsystems\msbuild\..\..\..\installed\x64-windows\include" /nologo /W0 /WX- /diagnostics:column /Od /D _MBCS /Gm- /EHsc /RTC1 /MDd /GS /fp:precise /Zc:wchar_t /Zc:forScope /Zc:inline /Fo"Debug\\" /Fd"Debug\vc142.pdb" /Gd /TC /FC /errorReport:queue CMakeCCompilerId.c
  CMakeCCompilerId.c
Link:
  C:\Program Files (x86)\Microsoft Visual Studio\2019\Community\VC\Tools\MSVC\14.28.29333\bin\HostX64\x64\link.exe /ERRORREPORT:QUEUE /OUT:".\CompilerIdC.exe" /INCREMENTAL:NO /NOLOGO /LIBPATH:"C:\Users\Standart\Desktop\programming\C++\vcpkg-master\scripts\buildsystems\msbuild\..\..\..\installed\x64-windows\debug\lib" /LIBPATH:"C:\Users\Standart\Desktop\programming\C++\vcpkg-master\scripts\buildsystems\msbuild\..\..\..\installed\x64-windows\debug\lib\manual-link" kernel32.lib user32.lib gdi32.lib winspool.lib comdlg32.lib advapi32.lib shell32.lib ole32.lib oleaut32.lib uuid.lib odbc32.lib odbccp32.lib "C:\Users\Standart\Desktop\programming\C++\vcpkg-master\scripts\buildsystems\msbuild\..\..\..\installed\x64-windows\debug\lib\*.lib" /MANIFEST /MANIFESTUAC:"level='asInvoker' uiAccess='false'" /manifest:embed /PDB:".\CompilerIdC.pdb" /SUBSYSTEM:CONSOLE /TLBID:1 /DYNAMICBASE /NXCOMPAT /IMPLIB:".\CompilerIdC.lib" /MACHINE:X64 Debug\CMakeCCompilerId.obj
  CompilerIdC.vcxproj -> C:\Users\Standart\Documents\Studium\Informatikprojekt\Arduino\Software\FreediverAppArduino\DiveComputer\build\CMakeFiles\3.18.20081302-MSVC_2\CompilerIdC\CompilerIdC.exe
AppLocalFromInstalled:
  pwsh.exe -ExecutionPolicy Bypass -noprofile -File "C:\Users\Standart\Desktop\programming\C++\vcpkg-master\scripts\buildsystems\msbuild\applocal.ps1" "C:\Users\Standart\Documents\Studium\Informatikprojekt\Arduino\Software\FreediverAppArduino\DiveComputer\build\CMakeFiles\3.18.20081302-MSVC_2\CompilerIdC\CompilerIdC.exe" "C:\Users\Standart\Desktop\programming\C++\vcpkg-master\scripts\buildsystems\msbuild\..\..\..\installed\x64-windows\debug\bin" "Debug\CompilerIdC.tlog\CompilerIdC.write.1u.tlog" "Debug\vcpkg.applocal.log"
  Der Befehl "pwsh.exe" ist entweder falsch geschrieben oder
  konnte nicht gefunden werden.
  Der Befehl "pwsh.exe -ExecutionPolicy Bypass -noprofile -File "C:\Users\Standart\Desktop\programming\C++\vcpkg-master\scripts\buildsystems\msbuild\applocal.ps1" "C:\Users\Standart\Documents\Studium\Informatikprojekt\Arduino\Software\FreediverAppArduino\DiveComputer\build\CMakeFiles\3.18.20081302-MSVC_2\CompilerIdC\CompilerIdC.exe" "C:\Users\Standart\Desktop\programming\C++\vcpkg-master\scripts\buildsystems\msbuild\..\..\..\installed\x64-windows\debug\bin" "Debug\CompilerIdC.tlog\CompilerIdC.write.1u.tlog" "Debug\vcpkg.applocal.log"" wurde mit dem Code 9009 beendet.
  "C:\Windows\System32\WindowsPowerShell\v1.0\powershell.exe" -ExecutionPolicy Bypass -noprofile -File "C:\Users\Standart\Desktop\programming\C++\vcpkg-master\scripts\buildsystems\msbuild\applocal.ps1" "C:\Users\Standart\Documents\Studium\Informatikprojekt\Arduino\Software\FreediverAppArduino\DiveComputer\build\CMakeFiles\3.18.20081302-MSVC_2\CompilerIdC\CompilerIdC.exe" "C:\Users\Standart\Desktop\programming\C++\vcpkg-master\scripts\buildsystems\msbuild\..\..\..\installed\x64-windows\debug\bin" "Debug\CompilerIdC.tlog\CompilerIdC.write.1u.tlog" "Debug\vcpkg.applocal.log"
PostBuildEvent:
  for %%i in (cl.exe) do @echo CMAKE_C_COMPILER=%%~$PATH:i
  :VCEnd
  CMAKE_C_COMPILER=C:\Program Files (x86)\Microsoft Visual Studio\2019\Community\VC\Tools\MSVC\14.28.29333\bin\Hostx64\x64\cl.exe
FinalizeBuildStatus:
  Die Datei "Debug\CompilerIdC.tlog\unsuccessfulbuild" wird gelöscht.
  Aktualisieren des Timestamps von "Debug\CompilerIdC.tlog\CompilerIdC.lastbuildstate".
Die Erstellung von Projekt "C:\Users\Standart\Documents\Studium\Informatikprojekt\Arduino\Software\FreediverAppArduino\DiveComputer\build\CMakeFiles\3.18.20081302-MSVC_2\CompilerIdC\CompilerIdC.vcxproj" ist abgeschlossen (Standardziele).

Der Buildvorgang wurde erfolgreich ausgeführt.
    0 Warnung(en)
    0 Fehler

Verstrichene Zeit 00:00:02.20


Compilation of the C compiler identification source "CMakeCCompilerId.c" produced "CompilerIdC.exe"

Compilation of the C compiler identification source "CMakeCCompilerId.c" produced "CompilerIdC.vcxproj"

The C compiler identification is MSVC, found in "C:/Users/Standart/Documents/Studium/Informatikprojekt/Arduino/Software/FreediverAppArduino/DiveComputer/build/CMakeFiles/3.18.20081302-MSVC_2/CompilerIdC/CompilerIdC.exe"

Compiling the CXX compiler identification source file "CMakeCXXCompilerId.cpp" succeeded.
Compiler:  
Build flags: 
Id flags:  

The output was:
0
Microsoft (R)-Build-Engine, Version 16.8.2+25e4d540b für .NET Framework
Copyright (C) Microsoft Corporation. Alle Rechte vorbehalten.

Der Buildvorgang wurde am 20.01.2021 17:17:00 gestartet.
Projekt "C:\Users\Standart\Documents\Studium\Informatikprojekt\Arduino\Software\FreediverAppArduino\DiveComputer\build\CMakeFiles\3.18.20081302-MSVC_2\CompilerIdCXX\CompilerIdCXX.vcxproj" auf Knoten "1" (Standardziele).
PrepareForBuild:
  Das Verzeichnis "Debug\" wird erstellt.
  Das Verzeichnis "Debug\CompilerIdCXX.tlog\" wird erstellt.
InitializeBuildStatus:
  "Debug\CompilerIdCXX.tlog\unsuccessfulbuild" wird erstellt, da "AlwaysCreate" angegeben wurde.
VcpkgTripletSelection:
  Using triplet "x64-windows" from "C:\Users\Standart\Desktop\programming\C++\vcpkg-master\scripts\buildsystems\msbuild\..\..\..\installed\x64-windows\"
ClCompile:
  C:\Program Files (x86)\Microsoft Visual Studio\2019\Community\VC\Tools\MSVC\14.28.29333\bin\HostX64\x64\CL.exe /c /I"C:\Users\Standart\Desktop\programming\C++\vcpkg-master\scripts\buildsystems\msbuild\..\..\..\installed\x64-windows\include" /nologo /W0 /WX- /diagnostics:column /Od /D _MBCS /Gm- /EHsc /RTC1 /MDd /GS /fp:precise /Zc:wchar_t /Zc:forScope /Zc:inline /Fo"Debug\\" /Fd"Debug\vc142.pdb" /Gd /TP /FC /errorReport:queue CMakeCXXCompilerId.cpp
  CMakeCXXCompilerId.cpp
Link:
  C:\Program Files (x86)\Microsoft Visual Studio\2019\Community\VC\Tools\MSVC\14.28.29333\bin\HostX64\x64\link.exe /ERRORREPORT:QUEUE /OUT:".\CompilerIdCXX.exe" /INCREMENTAL:NO /NOLOGO /LIBPATH:"C:\Users\Standart\Desktop\programming\C++\vcpkg-master\scripts\buildsystems\msbuild\..\..\..\installed\x64-windows\debug\lib" /LIBPATH:"C:\Users\Standart\Desktop\programming\C++\vcpkg-master\scripts\buildsystems\msbuild\..\..\..\installed\x64-windows\debug\lib\manual-link" kernel32.lib user32.lib gdi32.lib winspool.lib comdlg32.lib advapi32.lib shell32.lib ole32.lib oleaut32.lib uuid.lib odbc32.lib odbccp32.lib "C:\Users\Standart\Desktop\programming\C++\vcpkg-master\scripts\buildsystems\msbuild\..\..\..\installed\x64-windows\debug\lib\*.lib" /MANIFEST /MANIFESTUAC:"level='asInvoker' uiAccess='false'" /manifest:embed /PDB:".\CompilerIdCXX.pdb" /SUBSYSTEM:CONSOLE /TLBID:1 /DYNAMICBASE /NXCOMPAT /IMPLIB:".\CompilerIdCXX.lib" /MACHINE:X64 Debug\CMakeCXXCompilerId.obj
  CompilerIdCXX.vcxproj -> C:\Users\Standart\Documents\Studium\Informatikprojekt\Arduino\Software\FreediverAppArduino\DiveComputer\build\CMakeFiles\3.18.20081302-MSVC_2\CompilerIdCXX\CompilerIdCXX.exe
AppLocalFromInstalled:
  pwsh.exe -ExecutionPolicy Bypass -noprofile -File "C:\Users\Standart\Desktop\programming\C++\vcpkg-master\scripts\buildsystems\msbuild\applocal.ps1" "C:\Users\Standart\Documents\Studium\Informatikprojekt\Arduino\Software\FreediverAppArduino\DiveComputer\build\CMakeFiles\3.18.20081302-MSVC_2\CompilerIdCXX\CompilerIdCXX.exe" "C:\Users\Standart\Desktop\programming\C++\vcpkg-master\scripts\buildsystems\msbuild\..\..\..\installed\x64-windows\debug\bin" "Debug\CompilerIdCXX.tlog\CompilerIdCXX.write.1u.tlog" "Debug\vcpkg.applocal.log"
  Der Befehl "pwsh.exe" ist entweder falsch geschrieben oder
  konnte nicht gefunden werden.
  Der Befehl "pwsh.exe -ExecutionPolicy Bypass -noprofile -File "C:\Users\Standart\Desktop\programming\C++\vcpkg-master\scripts\buildsystems\msbuild\applocal.ps1" "C:\Users\Standart\Documents\Studium\Informatikprojekt\Arduino\Software\FreediverAppArduino\DiveComputer\build\CMakeFiles\3.18.20081302-MSVC_2\CompilerIdCXX\CompilerIdCXX.exe" "C:\Users\Standart\Desktop\programming\C++\vcpkg-master\scripts\buildsystems\msbuild\..\..\..\installed\x64-windows\debug\bin" "Debug\CompilerIdCXX.tlog\CompilerIdCXX.write.1u.tlog" "Debug\vcpkg.applocal.log"" wurde mit dem Code 9009 beendet.
  "C:\Windows\System32\WindowsPowerShell\v1.0\powershell.exe" -ExecutionPolicy Bypass -noprofile -File "C:\Users\Standart\Desktop\programming\C++\vcpkg-master\scripts\buildsystems\msbuild\applocal.ps1" "C:\Users\Standart\Documents\Studium\Informatikprojekt\Arduino\Software\FreediverAppArduino\DiveComputer\build\CMakeFiles\3.18.20081302-MSVC_2\CompilerIdCXX\CompilerIdCXX.exe" "C:\Users\Standart\Desktop\programming\C++\vcpkg-master\scripts\buildsystems\msbuild\..\..\..\installed\x64-windows\debug\bin" "Debug\CompilerIdCXX.tlog\CompilerIdCXX.write.1u.tlog" "Debug\vcpkg.applocal.log"
PostBuildEvent:
  for %%i in (cl.exe) do @echo CMAKE_CXX_COMPILER=%%~$PATH:i
  :VCEnd
  CMAKE_CXX_COMPILER=C:\Program Files (x86)\Microsoft Visual Studio\2019\Community\VC\Tools\MSVC\14.28.29333\bin\Hostx64\x64\cl.exe
FinalizeBuildStatus:
  Die Datei "Debug\CompilerIdCXX.tlog\unsuccessfulbuild" wird gelöscht.
  Aktualisieren des Timestamps von "Debug\CompilerIdCXX.tlog\CompilerIdCXX.lastbuildstate".
Die Erstellung von Projekt "C:\Users\Standart\Documents\Studium\Informatikprojekt\Arduino\Software\FreediverAppArduino\DiveComputer\build\CMakeFiles\3.18.20081302-MSVC_2\CompilerIdCXX\CompilerIdCXX.vcxproj" ist abgeschlossen (Standardziele).

Der Buildvorgang wurde erfolgreich ausgeführt.
    0 Warnung(en)
    0 Fehler

Verstrichene Zeit 00:00:01.34


Compilation of the CXX compiler identification source "CMakeCXXCompilerId.cpp" produced "CompilerIdCXX.exe"

Compilation of the CXX compiler identification source "CMakeCXXCompilerId.cpp" produced "CompilerIdCXX.vcxproj"

The CXX compiler identification is MSVC, found in "C:/Users/Standart/Documents/Studium/Informatikprojekt/Arduino/Software/FreediverAppArduino/DiveComputer/build/CMakeFiles/3.18.20081302-MSVC_2/CompilerIdCXX/CompilerIdCXX.exe"

Detecting C compiler ABI info compiled with the following output:
Change Dir: C:/Users/Standart/Documents/Studium/Informatikprojekt/Arduino/Software/FreediverAppArduino/DiveComputer/build/CMakeFiles/CMakeTmp

Run Build Command(s):C:/Program Files (x86)/Microsoft Visual Studio/2019/Community/MSBuild/Current/Bin/MSBuild.exe cmTC_45752.vcxproj /p:Configuration=Debug /p:Platform=x64 /p:VisualStudioVersion=16.0 /v:m && Microsoft (R)-Build-Engine, Version 16.8.2+25e4d540b für .NET Framework
Copyright (C) Microsoft Corporation. Alle Rechte vorbehalten.

  Microsoft (R) C/C++-Optimierungscompiler Version 19.28.29335 für x64
  Copyright (C) Microsoft Corporation. Alle Rechte vorbehalten.
  CMakeCCompilerABI.c
  cl /c /I"C:\Users\Standart\Desktop\programming\C++\vcpkg-master\scripts\buildsystems\msbuild\..\..\..\installed\x64-windows\include" /Zi /W3 /WX- /diagnostics:column /Od /Ob0 /D WIN32 /D _WINDOWS /D "CMAKE_INTDIR=\"Debug\"" /D _MBCS /Gm- /RTC1 /MDd /GS /fp:precise /Zc:wchar_t /Zc:forScope /Zc:inline /Fo"cmTC_45752.dir\Debug\\" /Fd"cmTC_45752.dir\Debug\vc142.pdb" /Gd /TC /errorReport:queue "C:\Program Files (x86)\Microsoft Visual Studio\2019\Community\Common7\IDE\CommonExtensions\Microsoft\CMake\CMake\share\cmake-3.18\Modules\CMakeCCompilerABI.c"
  cmTC_45752.vcxproj -> C:\Users\Standart\Documents\Studium\Informatikprojekt\Arduino\Software\FreediverAppArduino\DiveComputer\build\CMakeFiles\CMakeTmp\Debug\cmTC_45752.exe



Detecting CXX compiler ABI info compiled with the following output:
Change Dir: C:/Users/Standart/Documents/Studium/Informatikprojekt/Arduino/Software/FreediverAppArduino/DiveComputer/build/CMakeFiles/CMakeTmp

Run Build Command(s):C:/Program Files (x86)/Microsoft Visual Studio/2019/Community/MSBuild/Current/Bin/MSBuild.exe cmTC_9bb43.vcxproj /p:Configuration=Debug /p:Platform=x64 /p:VisualStudioVersion=16.0 /v:m && Microsoft (R)-Build-Engine, Version 16.8.2+25e4d540b für .NET Framework
Copyright (C) Microsoft Corporation. Alle Rechte vorbehalten.

  Microsoft (R) C/C++-Optimierungscompiler Version 19.28.29335 für x64
  Copyright (C) Microsoft Corporation. Alle Rechte vorbehalten.
  CMakeCXXCompilerABI.cpp
  cl /c /I"C:\Users\Standart\Desktop\programming\C++\vcpkg-master\scripts\buildsystems\msbuild\..\..\..\installed\x64-windows\include" /Zi /W3 /WX- /diagnostics:column /Od /Ob0 /D WIN32 /D _WINDOWS /D "CMAKE_INTDIR=\"Debug\"" /D _MBCS /Gm- /EHsc /RTC1 /MDd /GS /fp:precise /Zc:wchar_t /Zc:forScope /Zc:inline /GR /Fo"cmTC_9bb43.dir\Debug\\" /Fd"cmTC_9bb43.dir\Debug\vc142.pdb" /Gd /TP /errorReport:queue "C:\Program Files (x86)\Microsoft Visual Studio\2019\Community\Common7\IDE\CommonExtensions\Microsoft\CMake\CMake\share\cmake-3.18\Modules\CMakeCXXCompilerABI.cpp"
  cmTC_9bb43.vcxproj -> C:\Users\Standart\Documents\Studium\Informatikprojekt\Arduino\Software\FreediverAppArduino\DiveComputer\build\CMakeFiles\CMakeTmp\Debug\cmTC_9bb43.exe



